<?xml version="1.0" encoding="UTF-8"?>
<!-- Generated by org.testng.reporters.JUnitReportReporter -->
<testsuite hostname="DESKTOP-79H8R7K" failures="0" tests="1" name="ecom.webshop.order.OrderProductWithCODTest" time="27.948" errors="0" timestamp="2023-02-16T10:24:00 IST" skipped="0">
  <testcase classname="ecom.webshop.order.OrderProductWithCODTest" name="orderTest" time="27.948"/>
  <system-out/>
</testsuite> <!-- ecom.webshop.order.OrderProductWithCODTest -->
